#
# There is insufficient memory for the Java Runtime Environment to continue.
# Native memory allocation (malloc) failed to allocate 16856 bytes for AllocateHeap
# Possible reasons:
#   The system is out of physical RAM or swap space
#   The process is running with CompressedOops enabled, and the Java Heap may be blocking the growth of the native heap
# Possible solutions:
#   Reduce memory load on the system
#   Increase physical memory or swap space
#   Check if swap backing store is full
#   Decrease Java heap size (-Xmx/-Xms)
#   Decrease number of Java threads
#   Decrease Java thread stack sizes (-Xss)
#   Set larger code cache with -XX:ReservedCodeCacheSize=
#   JVM is running with Unscaled Compressed Oops mode in which the Java heap is
#     placed in the first 4GB address space. The Java Heap base address is the
#     maximum limit for the native heap growth. Please use -XX:HeapBaseMinAddress
#     to set the Java Heap base and to place the Java Heap above 4GB virtual address.
# This output file may be truncated or incomplete.
#
#  Out of Memory Error (memory/allocation.inline.hpp:62), pid=9848, tid=9204
#
# JRE version: Java(TM) SE Runtime Environment (9.0+11) (build 9.0.1+11)
# Java VM: Java HotSpot(TM) 64-Bit Server VM (9.0.1+11, mixed mode, tiered, compressed oops, g1 gc, windows-amd64)
# No core dump will be written. Minidumps are not enabled by default on client versions of Windows
#

---------------  S U M M A R Y ------------

Command Line: -Dcom.sun.management.jmxremote -Dcom.sun.management.jmxremote.port=57352 -Dcom.sun.management.jmxremote.authenticate=false -Dcom.sun.management.jmxremote.ssl=false -Djava.rmi.server.hostname=localhost -Dspring.jmx.enabled=true -Dspring.liveBeansView.mbeanDomain -Dspring.application.admin.enabled=true -Xverify:none -XX:TieredStopAtLevel=1 -Dspring.boot.project.name=credit-card-bill-payment -Dfile.encoding=UTF-8 com.example.creditcardbillpayment.CreditCardBillPaymentApplication --spring.output.ansi.enabled=always

Host: Intel(R) Xeon(R) Gold 6154 CPU @ 3.00GHz, 2 cores, 3G,  Windows 10 , 64 bit Build 17134 (10.0.17134.753)
Time: Thu Feb 06 15:13:31 2020 India Standard Time elapsed time: 1 seconds (0d 0h 0m 1s)

---------------  T H R E A D  ---------------

Current thread (0x0000015f8a13c800):  GCTaskThread "GC Thread#1" [stack: 0x0000004c16000000,0x0000004c16100000] [id=9204]

Stack: [0x0000004c16000000,0x0000004c16100000]
[error occurred during error reporting (printing stack bounds), id 0xe0000001]

Native frames: (J=compiled Java code, j=interpreted, Vv=VM code, C=native code)
V  [jvm.dll+0x5870b8]

[error occurred during error reporting (printing native stack), id 0xe0000001]


---------------  P R O C E S S  ---------------

Java Threads: ( => current thread )
  0x0000015fa7a06800 JavaThread "background-preinit" [_thread_blocked, id=5464, stack(0x0000004c17400000,0x0000004c17500000)]
  0x0000015fa76d4000 JavaThread "RMI TCP Accept-0" daemon [_thread_in_native, id=10100, stack(0x0000004c17200000,0x0000004c17300000)]
  0x0000015fa76e1000 JavaThread "RMI TCP Accept-57352" daemon [_thread_in_native, id=6540, stack(0x0000004c17100000,0x0000004c17200000)]
  0x0000015fa76d0000 JavaThread "RMI TCP Accept-0" daemon [_thread_in_native, id=2392, stack(0x0000004c17000000,0x0000004c17100000)]
  0x0000015fa7104800 JavaThread "Service Thread" daemon [_thread_blocked, id=11552, stack(0x0000004c16f00000,0x0000004c17000000)]
  0x0000015fa6f22800 JavaThread "Common-Cleaner" daemon [_thread_blocked, id=10200, stack(0x0000004c16e00000,0x0000004c16f00000)]
  0x0000015fa6ef0000 JavaThread "Sweeper thread" daemon [_thread_blocked, id=3104, stack(0x0000004c16d00000,0x0000004c16e00000)]
  0x0000015fa6eec800 JavaThread "C1 CompilerThread1" daemon [_thread_blocked, id=11016, stack(0x0000004c16c00000,0x0000004c16d00000)]
  0x0000015fa6ece000 JavaThread "C1 CompilerThread0" daemon [_thread_blocked, id=10216, stack(0x0000004c16b00000,0x0000004c16c00000)]
  0x0000015fa6ecc800 JavaThread "Attach Listener" daemon [_thread_blocked, id=4244, stack(0x0000004c16a00000,0x0000004c16b00000)]
  0x0000015fa6ecb800 JavaThread "Signal Dispatcher" daemon [_thread_blocked, id=10368, stack(0x0000004c16900000,0x0000004c16a00000)]
  0x0000015fa6e78000 JavaThread "Finalizer" daemon [_thread_blocked, id=8584, stack(0x0000004c16800000,0x0000004c16900000)]
  0x0000015fa6e6b000 JavaThread "Reference Handler" daemon [_thread_blocked, id=12180, stack(0x0000004c16700000,0x0000004c16800000)]
  0x0000015f8a124000 JavaThread "main" [_thread_blocked, id=8880, stack(0x0000004c15e00000,0x0000004c15f00000)]

Other Threads:
  0x0000015fa6e43000 VMThread "VM Thread" [stack: 0x0000004c16600000,0x0000004c16700000] [id=11740]
  0x0000015fa76d4800 WatcherThread [stack: 0x0000004c17300000,0x0000004c17400000] [id=5940]
  0x0000015f8a13b000 GCTaskThread "GC Thread#0" [stack: 0x0000004c15f00000,0x0000004c16000000] [id=172]
=>0x0000015f8a13c800 GCTaskThread "GC Thread#1" [stack: 0x0000004c16000000,0x0000004c16100000] [id=9204]
  0x0000015f8a17c000 ConcurrentGCThread "G1 Main Marker" [stack: 0x0000004c16400000,0x0000004c16500000] [id=12176]
  0x0000015f8a180800 ConcurrentGCThread "G1 Marker#0" [stack: 0x0000004c16500000,0x0000004c16600000] [id=11632]
  0x0000015f8a143000 ConcurrentGCThread "G1 Refine#0" [stack: 0x0000004c16200000,0x0000004c16300000] [id=5912]
  0x0000015f8a13e000 ConcurrentGCThread "G1 Refine#1" [stack: 0x0000004c16100000,0x0000004c16200000] [id=1968]
  0x0000015f8a145800 ConcurrentGCThread "G1 Young RemSet Sampling" [stack: 0x0000004c16300000,0x0000004c16400000] [id=3672]

Threads with active compile tasks:

VM state:at safepoint (normal execution)

VM Mutex/Monitor currently owned by a thread:  ([mutex/lock_event])
[0x0000015f8a121fa0] Threads_lock - owner thread: 0x0000015fa6e43000
[0x0000015f8a1233e0] Heap_lock - owner thread: 0x0000015f8a124000

Heap address: 0x00000000c0000000, size: 1024 MB, Compressed Oops mode: 32-bit
Narrow klass base: 0x0000000000000000, Narrow klass shift: 3
Compressed class space size: 1073741824 Address: 0x0000000100000000

Heap:
 garbage-first heap   total 78848K, used 34199K [0x00000000c0000000, 0x00000000c0100268, 0x0000000100000000)
  region size 1024K, 25 young (25600K), 1 survivors (1024K)
 Metaspace       used 17037K, capacity 18044K, committed 18176K, reserved 1081344K
  class space    used 2246K, capacity 2477K, committed 2560K, reserved 1048576K
Heap Regions: E=young(eden), S=young(survivor), O=old, HS=humongous(starts), HC=humongous(continues), CS=collection set, F=free, A=archive, TS=gc time stamp, AC=allocation context, TAMS=top-at-mark-start (previous, next)
|   0|0x00000000c0000000, 0x00000000c0100000, 0x00000000c0100000|100%|HS|  |TS  0|AC  0|TAMS 0x00000000c0000000, 0x00000000c0100000|
|   1|0x00000000c0100000, 0x00000000c0200000, 0x00000000c0200000|100%| O|  |TS  1|AC  0|TAMS 0x00000000c0100000, 0x00000000c0200000|
|   2|0x00000000c0200000, 0x00000000c0300000, 0x00000000c0300000|100%| O|  |TS  1|AC  0|TAMS 0x00000000c0200000, 0x00000000c0300000|
|   3|0x00000000c0300000, 0x00000000c0400000, 0x00000000c0400000|100%| O|  |TS  1|AC  0|TAMS 0x00000000c0300000, 0x00000000c0400000|
|   4|0x00000000c0400000, 0x00000000c0500000, 0x00000000c0500000|100%| O|  |TS  3|AC  0|TAMS 0x00000000c0400000, 0x00000000c0500000|
|   5|0x00000000c0500000, 0x00000000c0600000, 0x00000000c0600000|100%| O|  |TS  7|AC  0|TAMS 0x00000000c0500000, 0x00000000c0600000|
|   6|0x00000000c0600000, 0x00000000c06e5e00, 0x00000000c0700000| 89%| O|  |TS 11|AC  0|TAMS 0x00000000c0600000, 0x00000000c0700000|
|   7|0x00000000c0700000, 0x00000000c0700000, 0x00000000c0800000|  0%| F|  |TS  0|AC  0|TAMS 0x00000000c0700000, 0x00000000c0700000|
|   8|0x00000000c0800000, 0x00000000c0800000, 0x00000000c0900000|  0%| F|  |TS  0|AC  0|TAMS 0x00000000c0800000, 0x00000000c0800000|
|   9|0x00000000c0900000, 0x00000000c0900000, 0x00000000c0a00000|  0%| F|  |TS  0|AC  0|TAMS 0x00000000c0900000, 0x00000000c0900000|
|  10|0x00000000c0a00000, 0x00000000c0a00000, 0x00000000c0b00000|  0%| F|  |TS  0|AC  0|TAMS 0x00000000c0a00000, 0x00000000c0a00000|
|  11|0x00000000c0b00000, 0x00000000c0b00000, 0x00000000c0c00000|  0%| F|  |TS  0|AC  0|TAMS 0x00000000c0b00000, 0x00000000c0b00000|
|  12|0x00000000c0c00000, 0x00000000c0c00000, 0x00000000c0d00000|  0%| F|  |TS  0|AC  0|TAMS 0x00000000c0c00000, 0x00000000c0c00000|
|  13|0x00000000c0d00000, 0x00000000c0d00000, 0x00000000c0e00000|  0%| F|  |TS  0|AC  0|TAMS 0x00000000c0d00000, 0x00000000c0d00000|
|  14|0x00000000c0e00000, 0x00000000c0e00000, 0x00000000c0f00000|  0%| F|  |TS  0|AC  0|TAMS 0x00000000c0e00000, 0x00000000c0e00000|
|  15|0x00000000c0f00000, 0x00000000c0f00000, 0x00000000c1000000|  0%| F|  |TS  0|AC  0|TAMS 0x00000000c0f00000, 0x00000000c0f00000|
|  16|0x00000000c1000000, 0x00000000c1000000, 0x00000000c1100000|  0%| F|  |TS  0|AC  0|TAMS 0x00000000c1000000, 0x00000000c1000000|
|  17|0x00000000c1100000, 0x00000000c1100000, 0x00000000c1200000|  0%| F|  |TS  0|AC  0|TAMS 0x00000000c1100000, 0x00000000c1100000|
|  18|0x00000000c1200000, 0x00000000c1200000, 0x00000000c1300000|  0%| F|  |TS  0|AC  0|TAMS 0x00000000c1200000, 0x00000000c1200000|
|  19|0x00000000c1300000, 0x00000000c1300000, 0x00000000c1400000|  0%| F|  |TS  0|AC  0|TAMS 0x00000000c1300000, 0x00000000c1300000|
|  20|0x00000000c1400000, 0x00000000c1400000, 0x00000000c1500000|  0%| F|  |TS  0|AC  0|TAMS 0x00000000c1400000, 0x00000000c1400000|
|  21|0x00000000c1500000, 0x00000000c1500000, 0x00000000c1600000|  0%| F|  |TS  0|AC  0|TAMS 0x00000000c1500000, 0x00000000c1500000|
|  22|0x00000000c1600000, 0x00000000c1600000, 0x00000000c1700000|  0%| F|  |TS  0|AC  0|TAMS 0x00000000c1600000, 0x00000000c1600000|
|  23|0x00000000c1700000, 0x00000000c1700000, 0x00000000c1800000|  0%| F|  |TS  0|AC  0|TAMS 0x00000000c1700000, 0x00000000c1700000|
|  24|0x00000000c1800000, 0x00000000c1800000, 0x00000000c1900000|  0%| F|  |TS  0|AC  0|TAMS 0x00000000c1800000, 0x00000000c1800000|
|  25|0x00000000c1900000, 0x00000000c1900000, 0x00000000c1a00000|  0%| F|  |TS  0|AC  0|TAMS 0x00000000c1900000, 0x00000000c1900000|
|  26|0x00000000c1a00000, 0x00000000c1a00000, 0x00000000c1b00000|  0%| F|  |TS  0|AC  0|TAMS 0x00000000c1a00000, 0x00000000c1a00000|
|  27|0x00000000c1b00000, 0x00000000c1b00000, 0x00000000c1c00000|  0%| F|  |TS  0|AC  0|TAMS 0x00000000c1b00000, 0x00000000c1b00000|
|  28|0x00000000c1c00000, 0x00000000c1c00000, 0x00000000c1d00000|  0%| F|  |TS  0|AC  0|TAMS 0x00000000c1c00000, 0x00000000c1c00000|
|  29|0x00000000c1d00000, 0x00000000c1d00000, 0x00000000c1e00000|  0%| F|  |TS  0|AC  0|TAMS 0x00000000c1d00000, 0x00000000c1d00000|
|  30|0x00000000c1e00000, 0x00000000c1e00000, 0x00000000c1f00000|  0%| F|  |TS  0|AC  0|TAMS 0x00000000c1e00000, 0x00000000c1e00000|
|  31|0x00000000c1f00000, 0x00000000c1f00000, 0x00000000c2000000|  0%| F|  |TS  0|AC  0|TAMS 0x00000000c1f00000, 0x00000000c1f00000|
|  32|0x00000000c2000000, 0x00000000c2000000, 0x00000000c2100000|  0%| F|  |TS  0|AC  0|TAMS 0x00000000c2000000, 0x00000000c2000000|
|  33|0x00000000c2100000, 0x00000000c2100000, 0x00000000c2200000|  0%| F|  |TS  0|AC  0|TAMS 0x00000000c2100000, 0x00000000c2100000|
|  34|0x00000000c2200000, 0x00000000c2200000, 0x00000000c2300000|  0%| F|  |TS  0|AC  0|TAMS 0x00000000c2200000, 0x00000000c2200000|
|  35|0x00000000c2300000, 0x00000000c2300000, 0x00000000c2400000|  0%| F|  |TS  0|AC  0|TAMS 0x00000000c2300000, 0x00000000c2300000|
|  36|0x00000000c2400000, 0x00000000c2400000, 0x00000000c2500000|  0%| F|  |TS  0|AC  0|TAMS 0x00000000c2400000, 0x00000000c2400000|
|  37|0x00000000c2500000, 0x00000000c2500000, 0x00000000c2600000|  0%| F|  |TS  0|AC  0|TAMS 0x00000000c2500000, 0x00000000c2500000|
|  38|0x00000000c2600000, 0x00000000c2600000, 0x00000000c2700000|  0%| F|  |TS  0|AC  0|TAMS 0x00000000c2600000, 0x00000000c2600000|
|  39|0x00000000c2700000, 0x00000000c2700000, 0x00000000c2800000|  0%| F|  |TS  0|AC  0|TAMS 0x00000000c2700000, 0x00000000c2700000|
|  40|0x00000000c2800000, 0x00000000c28b0b50, 0x00000000c2900000| 69%| E|CS|TS  9|AC  0|TAMS 0x00000000c2800000, 0x00000000c28b0b50|
|  41|0x00000000c2900000, 0x00000000c2a00000, 0x00000000c2a00000|100%| E|CS|TS  9|AC  0|TAMS 0x00000000c2900000, 0x00000000c2a00000|
|  42|0x00000000c2a00000, 0x00000000c2b00000, 0x00000000c2b00000|100%| E|CS|TS  9|AC  0|TAMS 0x00000000c2a00000, 0x00000000c2b00000|
|  43|0x00000000c2b00000, 0x00000000c2b00000, 0x00000000c2c00000|  0%| F|  |TS  9|AC  0|TAMS 0x00000000c2b00000, 0x00000000c2b00000|
|  44|0x00000000c2c00000, 0x00000000c2c00000, 0x00000000c2d00000|  0%| F|  |TS  9|AC  0|TAMS 0x00000000c2c00000, 0x00000000c2c00000|
|  45|0x00000000c2d00000, 0x00000000c2d00000, 0x00000000c2e00000|  0%| F|  |TS  9|AC  0|TAMS 0x00000000c2d00000, 0x00000000c2d00000|
|  46|0x00000000c2e00000, 0x00000000c2e00000, 0x00000000c2f00000|  0%| F|  |TS  9|AC  0|TAMS 0x00000000c2e00000, 0x00000000c2e00000|
|  47|0x00000000c2f00000, 0x00000000c2f00000, 0x00000000c3000000|  0%| F|  |TS  9|AC  0|TAMS 0x00000000c2f00000, 0x00000000c2f00000|
|  48|0x00000000c3000000, 0x00000000c3000000, 0x00000000c3100000|  0%| F|  |TS  9|AC  0|TAMS 0x00000000c3000000, 0x00000000c3000000|
|  49|0x00000000c3100000, 0x00000000c3100000, 0x00000000c3200000|  0%| F|  |TS  9|AC  0|TAMS 0x00000000c3100000, 0x00000000c3100000|
|  50|0x00000000c3200000, 0x00000000c3200000, 0x00000000c3300000|  0%| F|  |TS  9|AC  0|TAMS 0x00000000c3200000, 0x00000000c3200000|
|  51|0x00000000c3300000, 0x00000000c3300000, 0x00000000c3400000|  0%| F|  |TS  9|AC  0|TAMS 0x00000000c3300000, 0x00000000c3300000|
|  52|0x00000000c3400000, 0x00000000c3436028, 0x00000000c3500000| 21%| S|  |TS 11|AC  0|TAMS 0x00000000c3400000, 0x00000000c3400000|
|  53|0x00000000c3500000, 0x00000000c35cf380, 0x00000000c3600000| 80%| E|CS|TS  9|AC  0|TAMS 0x00000000c3500000, 0x00000000c35cf380|
|  54|0x00000000c3600000, 0x00000000c3700000, 0x00000000c3700000|100%| E|CS|TS  9|AC  0|TAMS 0x00000000c3600000, 0x00000000c3700000|
|  55|0x00000000c3700000, 0x00000000c3800000, 0x00000000c3800000|100%| E|CS|TS  9|AC  0|TAMS 0x00000000c3700000, 0x00000000c3800000|
|  56|0x00000000c3800000, 0x00000000c3900000, 0x00000000c3900000|100%| E|CS|TS  9|AC  0|TAMS 0x00000000c3800000, 0x00000000c3900000|
|  57|0x00000000c3900000, 0x00000000c3a00000, 0x00000000c3a00000|100%| E|CS|TS  9|AC  0|TAMS 0x00000000c3900000, 0x00000000c3a00000|
|  58|0x00000000c3a00000, 0x00000000c3b00000, 0x00000000c3b00000|100%| E|CS|TS  9|AC  0|TAMS 0x00000000c3a00000, 0x00000000c3b00000|
|  59|0x00000000c3b00000, 0x00000000c3c00000, 0x00000000c3c00000|100%| E|CS|TS  9|AC  0|TAMS 0x00000000c3b00000, 0x00000000c3c00000|
|  60|0x00000000c3c00000, 0x00000000c3d00000, 0x00000000c3d00000|100%| E|CS|TS  9|AC  0|TAMS 0x00000000c3c00000, 0x00000000c3d00000|
|  61|0x00000000c3d00000, 0x00000000c3e00000, 0x00000000c3e00000|100%| E|CS|TS  9|AC  0|TAMS 0x00000000c3d00000, 0x00000000c3e00000|
|  62|0x00000000c3e00000, 0x00000000c3f00000, 0x00000000c3f00000|100%| E|CS|TS  9|AC  0|TAMS 0x00000000c3e00000, 0x00000000c3f00000|
|  63|0x00000000c3f00000, 0x00000000c4000000, 0x00000000c4000000|100%| E|CS|TS  9|AC  0|TAMS 0x00000000c3f00000, 0x00000000c4000000|
|  64|0x00000000c4000000, 0x00000000c4100000, 0x00000000c4100000|100%| E|CS|TS  9|AC  0|TAMS 0x00000000c4000000, 0x00000000c4100000|
|  65|0x00000000c4100000, 0x00000000c4200000, 0x00000000c4200000|100%| E|CS|TS  9|AC  0|TAMS 0x00000000c4100000, 0x00000000c4200000|
|  66|0x00000000c4200000, 0x00000000c4300000, 0x00000000c4300000|100%| E|CS|TS  9|AC  0|TAMS 0x00000000c4200000, 0x00000000c4300000|
|  67|0x00000000c4300000, 0x00000000c4400000, 0x00000000c4400000|100%| E|CS|TS  9|AC  0|TAMS 0x00000000c4300000, 0x00000000c4400000|
|  68|0x00000000c4400000, 0x00000000c4500000, 0x00000000c4500000|100%| E|CS|TS  9|AC  0|TAMS 0x00000000c4400000, 0x00000000c4500000|
|  69|0x00000000c4500000, 0x00000000c4600000, 0x00000000c4600000|100%| E|CS|TS  9|AC  0|TAMS 0x00000000c4500000, 0x00000000c4600000|
|  70|0x00000000c4600000, 0x00000000c4700000, 0x00000000c4700000|100%| E|CS|TS  9|AC  0|TAMS 0x00000000c4600000, 0x00000000c4700000|
|  71|0x00000000c4700000, 0x00000000c4800000, 0x00000000c4800000|100%| E|CS|TS  9|AC  0|TAMS 0x00000000c4700000, 0x00000000c4800000|
|  72|0x00000000c4800000, 0x00000000c4900000, 0x00000000c4900000|100%| E|CS|TS  9|AC  0|TAMS 0x00000000c4800000, 0x00000000c4900000|
|  73|0x00000000c4900000, 0x00000000c4a00000, 0x00000000c4a00000|100%| E|CS|TS  9|AC  0|TAMS 0x00000000c4900000, 0x00000000c4a00000|
|  74|0x00000000c4a00000, 0x00000000c4b00000, 0x00000000c4b00000|100%| E|CS|TS  9|AC  0|TAMS 0x00000000c4a00000, 0x00000000c4b00000|
|  75|0x00000000c4b00000, 0x00000000c4c00000, 0x00000000c4c00000|100%| E|CS|TS  9|AC  0|TAMS 0x00000000c4b00000, 0x00000000c4c00000|
|  76|0x00000000c4c00000, 0x00000000c4d00000, 0x00000000c4d00000|100%| E|CS|TS  9|AC  0|TAMS 0x00000000c4c00000, 0x00000000c4d00000|

Card table byte_map: [0x0000015fa1ee0000,0x0000015fa20e0000] byte_map_base: 0x0000015fa18e0000

Marking Bits (Prev, Next): (CMBitMap*) 0x0000015f8a17b330, (CMBitMap*) 0x0000015f8a17b368
 Prev Bits: [0x0000015fa22e0000, 0x0000015fa32e0000)
 Next Bits: [0x0000015fa32e0000, 0x0000015fa42e0000)

Polling page: 0x0000015f8a2a0000

CodeHeap 'non-profiled nmethods': size=239488Kb used=2775Kb max_used=2775Kb free=236712Kb
 bounds [0x0000015f92e10000, 0x0000015f930d0000, 0x0000015fa17f0000]
CodeHeap 'non-nmethods': size=6272Kb used=1825Kb max_used=1825Kb free=4446Kb
 bounds [0x0000015f927f0000, 0x0000015f92a60000, 0x0000015f92e10000]
 total_blobs=2385 nmethods=1934 adapters=360
 compilation: enabled

Compilation events (10 events):
Event: 1.419 Thread 0x0000015fa6ece000 nmethod 1929 0x0000015f930c3d10 code [0x0000015f930c3ee0, 0x0000015f930c4110]
Event: 1.419 Thread 0x0000015fa6eec800 nmethod 1930 0x0000015f930c4210 code [0x0000015f930c4400, 0x0000015f930c4a00]
Event: 1.419 Thread 0x0000015fa6ece000 1931       1       java.lang.ClassLoader::getUnnamedModule (5 bytes)
Event: 1.419 Thread 0x0000015fa6ece000 nmethod 1931 0x0000015f930c4c10 code [0x0000015f930c4dc0, 0x0000015f930c4ed8]
Event: 1.420 Thread 0x0000015fa6eec800 1932       1       java.util.regex.Matcher::reset (128 bytes)
Event: 1.421 Thread 0x0000015fa6eec800 nmethod 1932 0x0000015f930c4f90 code [0x0000015f930c5160, 0x0000015f930c53a0]
Event: 1.421 Thread 0x0000015fa6ece000 1933       1       org.springframework.core.env.PropertySource$StubPropertySource::getProperty (2 bytes)
Event: 1.421 Thread 0x0000015fa6ece000 nmethod 1933 0x0000015f930c5510 code [0x0000015f930c56c0, 0x0000015f930c57d8]
Event: 1.423 Thread 0x0000015fa6eec800 1934       1       java.util.jar.Manifest::getAttributes (14 bytes)
Event: 1.423 Thread 0x0000015fa6eec800 nmethod 1934 0x0000015f930c5890 code [0x0000015f930c5a40, 0x0000015f930c5bb0]

GC Heap History (10 events):
Event: 0.674 GC heap after
{Heap after GC invocations=1 (full 0):
 garbage-first heap   total 65536K, used 5232K [0x00000000c0000000, 0x00000000c0100200, 0x0000000100000000)
  region size 1024K, 1 young (1024K), 1 survivors (1024K)
 Metaspace       used 6846K, capacity 7014K, committed 7296K, reserved 1056768K
  class space    used 755K, capacity 813K, committed 896K, reserved 1048576K
}
Event: 0.797 GC heap before
{Heap before GC invocations=1 (full 0):
 garbage-first heap   total 65536K, used 8304K [0x00000000c0000000, 0x00000000c0100200, 0x0000000100000000)
  region size 1024K, 4 young (4096K), 1 survivors (1024K)
 Metaspace       used 8483K, capacity 8824K, committed 9088K, reserved 1056768K
  class space    used 1001K, capacity 1090K, committed 1152K, reserved 1048576K
}
Event: 0.801 GC heap after
{Heap after GC invocations=2 (full 0):
 garbage-first heap   total 65536K, used 5822K [0x00000000c0000000, 0x00000000c0100200, 0x0000000100000000)
  region size 1024K, 1 young (1024K), 1 survivors (1024K)
 Metaspace       used 8483K, capacity 8824K, committed 9088K, reserved 1056768K
  class space    used 1001K, capacity 1090K, committed 1152K, reserved 1048576K
}
Event: 1.043 GC heap before
{Heap before GC invocations=2 (full 0):
 garbage-first heap   total 65536K, used 15038K [0x00000000c0000000, 0x00000000c0100200, 0x0000000100000000)
  region size 1024K, 10 young (10240K), 1 survivors (1024K)
 Metaspace       used 11644K, capacity 12154K, committed 12288K, reserved 1060864K
  class space    used 1389K, capacity 1522K, committed 1536K, reserved 1048576K
}
Event: 1.049 GC heap after
{Heap after GC invocations=3 (full 0):
 garbage-first heap   total 65536K, used 7465K [0x00000000c0000000, 0x00000000c0100200, 0x0000000100000000)
  region size 1024K, 2 young (2048K), 2 survivors (2048K)
 Metaspace       used 11644K, capacity 12154K, committed 12288K, reserved 1060864K
  class space    used 1389K, capacity 1522K, committed 1536K, reserved 1048576K
}
Event: 1.182 GC heap before
{Heap before GC invocations=3 (full 0):
 garbage-first heap   total 65536K, used 20777K [0x00000000c0000000, 0x00000000c0100200, 0x0000000100000000)
  region size 1024K, 15 young (15360K), 2 survivors (2048K)
 Metaspace       used 12917K, capacity 13620K, committed 13824K, reserved 1060864K
  class space    used 1575K, capacity 1741K, committed 1792K, reserved 1048576K
}
Event: 1.189 GC heap after
{Heap after GC invocations=4 (full 0):
 garbage-first heap   total 65536K, used 8573K [0x00000000c0000000, 0x00000000c0100200, 0x0000000100000000)
  region size 1024K, 2 young (2048K), 2 survivors (2048K)
 Metaspace       used 12917K, capacity 13620K, committed 13824K, reserved 1060864K
  class space    used 1575K, capacity 1741K, committed 1792K, reserved 1048576K
}
Event: 1.318 GC heap before
{Heap before GC invocations=4 (full 0):
 garbage-first heap   total 65536K, used 28029K [0x00000000c0000000, 0x00000000c0100200, 0x0000000100000000)
  region size 1024K, 21 young (21504K), 2 survivors (2048K)
 Metaspace       used 15643K, capacity 16546K, committed 16768K, reserved 1064960K
  class space    used 1936K, capacity 2138K, committed 2176K, reserved 1048576K
}
Event: 1.325 GC heap after
{Heap after GC invocations=5 (full 0):
 garbage-first heap   total 78848K, used 9818K [0x00000000c0000000, 0x00000000c0100268, 0x0000000100000000)
  region size 1024K, 3 young (3072K), 3 survivors (3072K)
 Metaspace       used 15643K, capacity 16546K, committed 16768K, reserved 1064960K
  class space    used 1936K, capacity 2138K, committed 2176K, reserved 1048576K
}
Event: 1.425 GC heap before
{Heap before GC invocations=5 (full 0):
 garbage-first heap   total 78848K, used 33370K [0x00000000c0000000, 0x00000000c0100268, 0x0000000100000000)
  region size 1024K, 27 young (27648K), 3 survivors (3072K)
 Metaspace       used 17037K, capacity 18044K, committed 18176K, reserved 1081344K
  class space    used 2246K, capacity 2477K, committed 2560K, reserved 1048576K
}

Deoptimization events (0 events):
No events

Classes redefined (0 events):
No events

Internal exceptions (10 events):
Event: 1.277 Thread 0x0000015f8a124000 Exception <a 'java/lang/NoSuchMethodError'{0x00000000c3403e70}: java.lang.invoke.DirectMethodHandle$Holder.invokeSpecial(Ljava/lang/Object;Ljava/lang/Object;Ljava/lang/Object;Ljava/lang/Object;Ljava/lang/Object;Ljava/lang/Object;)V> (0x00000000c3403e70) t
Event: 1.278 Thread 0x0000015f8a124000 Exception <a 'java/lang/NoSuchMethodError'{0x00000000c340e190}: method resolution failed> (0x00000000c340e190) thrown at [t:/workspace/hotspot/src/share/vm/prims/methodHandles.cpp, line 1256]
Event: 1.279 Thread 0x0000015f8a124000 Exception <a 'java/lang/NoSuchMethodError'{0x00000000c341b358}: java.lang.invoke.DirectMethodHandle$Holder.invokeSpecial(Ljava/lang/Object;Ljava/lang/Object;Ljava/lang/Object;Ljava/lang/Object;)I> (0x00000000c341b358) thrown at [t:/workspace/hotspot/src/s
Event: 1.306 Thread 0x0000015f8a124000 Exception <a 'java/lang/NoSuchMethodError'{0x00000000c2d75378}: java.lang.invoke.DirectMethodHandle$Holder.invokeSpecial(Ljava/lang/Object;Ljava/lang/Object;Ljava/lang/Object;Ljava/lang/Object;Ljava/lang/Object;Ljava/lang/Object;I)Ljava/lang/Object;> (0x0
Event: 1.306 Thread 0x0000015f8a124000 Exception <a 'java/lang/NoSuchMethodError'{0x00000000c2d7ef10}: method resolution failed> (0x00000000c2d7ef10) thrown at [t:/workspace/hotspot/src/share/vm/prims/methodHandles.cpp, line 1256]
Event: 1.308 Thread 0x0000015f8a124000 Exception <a 'java/lang/NoSuchMethodError'{0x00000000c2c06728}: java.lang.invoke.DirectMethodHandle$Holder.invokeStatic(Ljava/lang/Object;Ljava/lang/Object;Ljava/lang/Object;Ljava/lang/Object;)V> (0x00000000c2c06728) thrown at [t:/workspace/hotspot/src/sh
Event: 1.346 Thread 0x0000015f8a124000 Exception <a 'java/lang/NoSuchMethodError'{0x00000000c49661e8}: java.lang.Object.lambda$negate$3(I)Z> (0x00000000c49661e8) thrown at [t:/workspace/hotspot/src/share/vm/interpreter/linkResolver.cpp, line 731]
Event: 1.352 Thread 0x0000015f8a124000 Exception <a 'java/lang/NoSuchMethodError'{0x00000000c4755f78}: java.lang.invoke.DirectMethodHandle$Holder.invokeStatic(Ljava/lang/Object;Ljava/lang/Object;I)V> (0x00000000c4755f78) thrown at [t:/workspace/hotspot/src/share/vm/interpreter/linkResolver.cpp
Event: 1.353 Thread 0x0000015f8a124000 Exception <a 'java/lang/NoSuchMethodError'{0x00000000c475d538}: java.lang.invoke.DirectMethodHandle$Holder.invokeStaticInit(Ljava/lang/Object;Ljava/lang/Object;)V> (0x00000000c475d538) thrown at [t:/workspace/hotspot/src/share/vm/interpreter/linkResolver.
Event: 1.409 Thread 0x0000015f8a124000 Exception <a 'java/lang/NoSuchMethodError'{0x00000000c3bf3068}: java.lang.invoke.DirectMethodHandle$Holder.invokeSpecial(Ljava/lang/Object;Ljava/lang/Object;Ljava/lang/Object;Ljava/lang/Object;Ljava/lang/Object;)V> (0x00000000c3bf3068) thrown at [t:/works

Events (10 events):
Event: 1.424 loading class org/hibernate/validator/constraints/CodePointLength done
Event: 1.425 loading class org/hibernate/validator/internal/constraintvalidators/hv/CodePointLengthValidator
Event: 1.425 loading class org/hibernate/validator/internal/constraintvalidators/hv/CodePointLengthValidator done
Event: 1.425 loading class org/springframework/ui/context/ThemeSource
Event: 1.425 loading class org/springframework/ui/context/ThemeSource done
Event: 1.425 loading class org/springframework/context/support/GenericApplicationContext
Event: 1.425 loading class org/springframework/context/support/GenericApplicationContext done
Event: 1.425 loading class org/hibernate/validator/constraints/ModCheck
Event: 1.425 loading class org/hibernate/validator/constraints/ModCheck done
Event: 1.425 Executing VM operation: CollectForMetadataAllocation


Dynamic libraries:
0x00007ff684750000 - 0x00007ff68478e000 	C:\Program Files\Java\jre-9.0.1\bin\javaw.exe
0x00007ffe940c0000 - 0x00007ffe942a1000 	C:\Windows\SYSTEM32\ntdll.dll
0x00007ffe93d20000 - 0x00007ffe93dd1000 	C:\Windows\System32\KERNEL32.DLL
0x00007ffe90870000 - 0x00007ffe90ae3000 	C:\Windows\System32\KERNELBASE.dll
0x00007ffe92dd0000 - 0x00007ffe92e71000 	C:\Windows\System32\ADVAPI32.dll
0x00007ffe93c70000 - 0x00007ffe93d0e000 	C:\Windows\System32\msvcrt.dll
0x00007ffe91920000 - 0x00007ffe9197b000 	C:\Windows\System32\sechost.dll
0x00007ffe93a30000 - 0x00007ffe93b54000 	C:\Windows\System32\RPCRT4.dll
0x00007ffe93840000 - 0x00007ffe939d0000 	C:\Windows\System32\USER32.dll
0x00007ffe91200000 - 0x00007ffe91220000 	C:\Windows\System32\win32u.dll
0x00007ffe93be0000 - 0x00007ffe93c08000 	C:\Windows\System32\GDI32.dll
0x00007ffe90480000 - 0x00007ffe90611000 	C:\Windows\System32\gdi32full.dll
0x00007ffe907d0000 - 0x00007ffe9086f000 	C:\Windows\System32\msvcp_win.dll
0x00007ffe906d0000 - 0x00007ffe907c8000 	C:\Windows\System32\ucrtbase.dll
0x00007ffe7cf00000 - 0x00007ffe7d169000 	C:\Windows\WinSxS\amd64_microsoft.windows.common-controls_6595b64144ccf1df_6.0.17134.1246_none_d3ffb9d77c90723d\COMCTL32.dll
0x00007ffe915f0000 - 0x00007ffe91911000 	C:\Windows\System32\combase.dll
0x00007ffe8f5d0000 - 0x00007ffe8f5da000 	C:\Windows\SYSTEM32\VERSION.dll
0x00007ffe91470000 - 0x00007ffe914e9000 	C:\Windows\System32\bcryptPrimitives.dll
0x00007ffe92e90000 - 0x00007ffe92ebd000 	C:\Windows\System32\IMM32.DLL
0x0000015f8a2c0000 - 0x0000015f8a2d1000 	C:\Windows\System32\umppc10609.dll
0x00007ffe901a0000 - 0x00007ffe901d0000 	C:\Windows\system32\vmwsci.dll
0x00007ffe92e80000 - 0x00007ffe92e88000 	C:\Windows\System32\PSAPI.DLL
0x00007ffe5e530000 - 0x00007ffe5e61f000 	C:\Program Files\Java\jre-9.0.1\bin\msvcr120.dll
0x00007ffe6a010000 - 0x00007ffe6a0b6000 	C:\Program Files\Java\jre-9.0.1\bin\msvcp120.dll
0x0000000065100000 - 0x0000000065b24000 	C:\Program Files\Java\jre-9.0.1\bin\server\jvm.dll
0x00007ffe86cf0000 - 0x00007ffe86cf9000 	C:\Windows\SYSTEM32\WSOCK32.dll
0x00007ffe94020000 - 0x00007ffe9408c000 	C:\Windows\System32\WS2_32.dll
0x00007ffe8d070000 - 0x00007ffe8d093000 	C:\Windows\SYSTEM32\WINMM.dll
0x00007ffe8d040000 - 0x00007ffe8d06a000 	C:\Windows\SYSTEM32\WINMMBASE.dll
0x00007ffe914f0000 - 0x00007ffe91539000 	C:\Windows\System32\cfgmgr32.dll
0x00007ffe80530000 - 0x00007ffe8053f000 	C:\Program Files\Java\jre-9.0.1\bin\verify.dll
0x00007ffe7bcf0000 - 0x00007ffe7bd17000 	C:\Program Files\Java\jre-9.0.1\bin\java.dll
0x00007ffe7bcd0000 - 0x00007ffe7bce6000 	C:\Program Files\Java\jre-9.0.1\bin\zip.dll
0x00007ffe7ffa0000 - 0x00007ffe7ffaa000 	C:\Program Files\Java\jre-9.0.1\bin\jimage.dll
0x00007ffe91980000 - 0x00007ffe92dc5000 	C:\Windows\System32\SHELL32.dll
0x00007ffe91540000 - 0x00007ffe915e9000 	C:\Windows\System32\shcore.dll
0x00007ffe90af0000 - 0x00007ffe91200000 	C:\Windows\System32\windows.storage.dll
0x00007ffe93c10000 - 0x00007ffe93c61000 	C:\Windows\System32\shlwapi.dll
0x00007ffe90410000 - 0x00007ffe90421000 	C:\Windows\System32\kernel.appcore.dll
0x00007ffe90460000 - 0x00007ffe9047f000 	C:\Windows\System32\profapi.dll
0x00007ffe903c0000 - 0x00007ffe9040c000 	C:\Windows\System32\powrprof.dll
0x00007ffe90430000 - 0x00007ffe9043a000 	C:\Windows\System32\FLTLIB.DLL
0x00007ffe7bbe0000 - 0x00007ffe7bbfa000 	C:\Program Files\Java\jre-9.0.1\bin\net.dll
0x00007ffe8adb0000 - 0x00007ffe8ae8d000 	C:\Windows\SYSTEM32\WINHTTP.dll
0x00007ffe8fc10000 - 0x00007ffe8fc76000 	C:\Windows\system32\mswsock.dll
0x00007ffe7b5c0000 - 0x00007ffe7b5d1000 	C:\Program Files\Java\jre-9.0.1\bin\nio.dll
0x00007ffe87500000 - 0x00007ffe87509000 	C:\Program Files\Java\jre-9.0.1\bin\management.dll
0x00007ffe86a60000 - 0x00007ffe86a6a000 	C:\Program Files\Java\jre-9.0.1\bin\management_ext.dll
0x00007ffe84710000 - 0x00007ffe84726000 	C:\Windows\system32\napinsp.dll
0x00007ffe84730000 - 0x00007ffe8474a000 	C:\Windows\system32\pnrpnsp.dll
0x00007ffe89480000 - 0x00007ffe89499000 	C:\Windows\system32\NLAapi.dll
0x00007ffe8f9b0000 - 0x00007ffe8fa6e000 	C:\Windows\SYSTEM32\DNSAPI.dll
0x00007ffe93d10000 - 0x00007ffe93d18000 	C:\Windows\System32\NSI.dll
0x00007ffe8f960000 - 0x00007ffe8f998000 	C:\Windows\SYSTEM32\IPHLPAPI.DLL
0x00007ffe85380000 - 0x00007ffe8538e000 	C:\Windows\System32\winrnr.dll
0x00007ffe88750000 - 0x00007ffe8875a000 	C:\Windows\System32\rasadhlp.dll
0x00007ffe8a9e0000 - 0x00007ffe8aa52000 	C:\Windows\System32\fwpuclnt.dll
0x00007ffe8fef0000 - 0x00007ffe8ff15000 	C:\Windows\SYSTEM32\bcrypt.dll
0x00007ffe8fdc0000 - 0x00007ffe8fdd7000 	C:\Windows\SYSTEM32\CRYPTSP.dll
0x00007ffe8f7c0000 - 0x00007ffe8f7f3000 	C:\Windows\system32\rsaenh.dll
0x00007ffe902c0000 - 0x00007ffe902e8000 	C:\Windows\SYSTEM32\USERENV.dll
0x00007ffe8fe30000 - 0x00007ffe8fe3b000 	C:\Windows\SYSTEM32\CRYPTBASE.dll
0x00007ffe8cd70000 - 0x00007ffe8cd86000 	C:\Windows\SYSTEM32\dhcpcsvc6.DLL
0x00007ffe89b10000 - 0x00007ffe89b2a000 	C:\Windows\SYSTEM32\dhcpcsvc.DLL

VM Arguments:
jvm_args: -Dcom.sun.management.jmxremote -Dcom.sun.management.jmxremote.port=57352 -Dcom.sun.management.jmxremote.authenticate=false -Dcom.sun.management.jmxremote.ssl=false -Djava.rmi.server.hostname=localhost -Dspring.jmx.enabled=true -Dspring.liveBeansView.mbeanDomain -Dspring.application.admin.enabled=true -Xverify:none -XX:TieredStopAtLevel=1 -Dspring.boot.project.name=credit-card-bill-payment -Dfile.encoding=UTF-8 
java_command: com.example.creditcardbillpayment.CreditCardBillPaymentApplication --spring.output.ansi.enabled=always
java_class_path (initial): D:\Users\1837440\Documents\workspace-sts-3.9.11.RELEASE\credit-card-bill-payment\target\classes;D:\Users\1837440\.m2\repository\org\springframework\boot\spring-boot-starter-data-jpa\2.2.4.RELEASE\spring-boot-starter-data-jpa-2.2.4.RELEASE.jar;D:\Users\1837440\.m2\repository\org\springframework\boot\spring-boot-starter-aop\2.2.4.RELEASE\spring-boot-starter-aop-2.2.4.RELEASE.jar;D:\Users\1837440\.m2\repository\org\springframework\spring-aop\5.2.3.RELEASE\spring-aop-5.2.3.RELEASE.jar;D:\Users\1837440\.m2\repository\org\aspectj\aspectjweaver\1.9.5\aspectjweaver-1.9.5.jar;D:\Users\1837440\.m2\repository\org\springframework\boot\spring-boot-starter-jdbc\2.2.4.RELEASE\spring-boot-starter-jdbc-2.2.4.RELEASE.jar;D:\Users\1837440\.m2\repository\com\zaxxer\HikariCP\3.4.2\HikariCP-3.4.2.jar;D:\Users\1837440\.m2\repository\org\springframework\spring-jdbc\5.2.3.RELEASE\spring-jdbc-5.2.3.RELEASE.jar;D:\Users\1837440\.m2\repository\jakarta\activation\jakarta.activation-api\1.2.1\jakarta.activation-api-1.2.1.jar;D:\Users\1837440\.m2\repository\jakarta\persistence\jakarta.persistence-api\2.2.3\jakarta.persistence-api-2.2.3.jar;D:\Users\1837440\.m2\repository\jakarta\transaction\jakarta.transaction-api\1.3.3\jakarta.transaction-api-1.3.3.jar;D:\Users\1837440\.m2\repository\org\hibernate\hibernate-core\5.4.10.Final\hibernate-core-5.4.10.Final.jar;D:\Users\1837440\.m2\repository\org\jboss\logging\jboss-logging\3.4.1.Final\jboss-logging-3.4.1.Final.jar;D:\Users\1837440\.m2\repository\org\javassist\javassist\3.24.0-GA\javassist-3.24.0-GA.jar;D:\Users\1837440\.m2\repository\net\bytebuddy\byte-buddy\1.10.6\byte-buddy-1.10.6.jar;D:\Users\1837440\.m2\repository\antlr\antlr\2.7.7\antlr-2.7.7.jar;D:\Users\1837440\.m2\repository\org\jboss\jandex\2.1.1.Final\jandex-2.1.1.Final.jar;D:\Users\1837440\.m2\repository\com\fasterxml\classmate\1.5.1\classmate-1.5.1.jar;D:\Users\1837440\.m2\repository\org\dom4j\dom4j\2.1.1\dom4j-2.1.1.jar;D:\Users\1837440\.m2\repository\org\hi
Launcher Type: SUN_STANDARD

Logging:
Log output configuration:
#0: stdout all=warning uptime,level,tags
#1: stderr all=off uptime,level,tags

Environment Variables:
PATH=C:\Program Files (x86)\RSA SecurID Token Common;C:\Program Files\RSA SecurID Token Common;C:\ProgramData\Oracle\Java\javapath;C:\Windows\system32;C:\Windows;C:\Windows\System32\Wbem;C:\Windows\System32\WindowsPowerShell\v1.0\;C:\Windows\System32\OpenSSH\;C:\Program Files\Common Files\ThinPrint\;D:\Users\1837440\AppData\Local\Microsoft\WindowsApps;
USERNAME=1837440
OS=Windows_NT
PROCESSOR_IDENTIFIER=Intel64 Family 6 Model 85 Stepping 4, GenuineIntel



---------------  S Y S T E M  ---------------

OS: Windows 10 , 64 bit Build 17134 (10.0.17134.753)

CPU:total 2 (initial active 2) (2 cores per cpu, 1 threads per core) family 6 model 85 stepping 4, cmov, cx8, fxsr, mmx, sse, sse2, sse3, ssse3, sse4.1, sse4.2, popcnt, avx, avx2, aes, clmul, erms, 3dnowpref, lzcnt, tsc, tscinvbit, bmi1, bmi2, adx, fma

Memory: 4k page, physical 4193844k(552816k free), swap 4717836k(3160k free)

vm_info: Java HotSpot(TM) 64-Bit Server VM (9.0.1+11) for windows-amd64 JRE (9.0.1+11), built on Sep 28 2017 04:54:03 by "mach5one" with MS VC++ 12.0 (VS2013)

END.
